c:\users\m_ryan\scratchspace\redqueen\source\lib\existence\debug\libexistence.pch
c:\users\m_ryan\scratchspace\redqueen\source\lib\existence\debug\libexistence.pdb
c:\users\m_ryan\scratchspace\redqueen\source\lib\existence\debug\libexistence.idb
c:\users\m_ryan\scratchspace\redqueen\source\lib\existence\debug\stdafx.obj
c:\users\m_ryan\scratchspace\redqueen\source\lib\existence\debug\component.obj
c:\users\m_ryan\scratchspace\redqueen\source\lib\existence\debug\engine.obj
c:\users\m_ryan\scratchspace\redqueen\source\lib\existence\debug\entity.obj
c:\users\m_ryan\scratchspace\redqueen\build\x86\libexistence.lib
c:\users\m_ryan\scratchspace\redqueen\source\lib\libexistence\debug\component.obj
c:\users\m_ryan\scratchspace\redqueen\source\lib\libexistence\debug\engine.obj
c:\users\m_ryan\scratchspace\redqueen\source\lib\libexistence\debug\entity.obj
c:\users\m_ryan\scratchspace\redqueen\source\lib\libexistence\debug\stdafx.obj
c:\users\m_ryan\scratchspace\redqueen\source\lib\libexistence\debug\libexistence.pch
c:\users\m_ryan\scratchspace\redqueen\source\lib\libexistence\debug\libexistence.idb
c:\users\m_ryan\scratchspace\redqueen\source\lib\libexistence\debug\libexistence.pdb
c:\users\m_ryan\scratchspace\redqueen\source\lib\libexistence\..\..\..\build\x86\libexistence.pdb
c:\users\m_ryan\scratchspace\redqueen\source\lib\libexistence\..\..\..\build\x86\libexistence.lib
c:\users\m_ryan\scratchspace\redqueen\source\lib\libexistence\debug\libexistence.tlog\cl.command.1.tlog
c:\users\m_ryan\scratchspace\redqueen\source\lib\libexistence\debug\libexistence.tlog\cl.read.1.tlog
c:\users\m_ryan\scratchspace\redqueen\source\lib\libexistence\debug\libexistence.tlog\cl.write.1.tlog
c:\users\m_ryan\scratchspace\redqueen\source\lib\libexistence\debug\libexistence.tlog\lib-link.read.1.tlog
c:\users\m_ryan\scratchspace\redqueen\source\lib\libexistence\debug\libexistence.tlog\lib-link.write.1.tlog
c:\users\m_ryan\scratchspace\redqueen\source\lib\libexistence\debug\libexistence.tlog\lib.command.1.tlog
